# JRE version: Java(TM) SE Runtime Environment (8.0_101-b13) (build 1.8.0_101-b13)
# Java VM: Java HotSpot(TM) 64-Bit Server VM (25.101-b13 mixed mode bsd-amd64 compressed oops)
Heap:
 PSYoungGen      total 76288K, used 63309K [0x000000076ab00000, 0x0000000770000000, 0x00000007c0000000)
  eden space 65536K, 96% used [0x000000076ab00000,0x000000076e8d3700,0x000000076eb00000)
  from space 10752K, 0% used [0x000000076f580000,0x000000076f580000,0x0000000770000000)
  to   space 10752K, 0% used [0x000000076eb00000,0x000000076eb00000,0x000000076f580000)
 ParOldGen       total 175104K, used 2133K [0x00000006c0000000, 0x00000006cab00000, 0x000000076ab00000)
  object space 175104K, 1% used [0x00000006c0000000,0x00000006c0215418,0x00000006cab00000)
 Metaspace       used 17581K, capacity 17928K, committed 18048K, reserved 1064960K
  class space    used 2227K, capacity 2357K, committed 2432K, reserved 1048576K
GC Heap History (10 events):
Event: 2.721 GC heap before
{Heap before GC invocations=16 (full 8):
 PSYoungGen      total 76288K, used 192K [0x000000076ab00000, 0x0000000770000000, 0x00000007c0000000)
  eden space 65536K, 0% used [0x000000076ab00000,0x000000076ab00000,0x000000076eb00000)
  from space 10752K, 1% used [0x000000076f580000,0x000000076f5b0000,0x0000000770000000)
  to   space 10752K, 0% used [0x000000076eb00000,0x000000076eb00000,0x000000076f580000)
 ParOldGen       total 175104K, used 7142K [0x00000006c0000000, 0x00000006cab00000, 0x000000076ab00000)
  object space 175104K, 4% used [0x00000006c0000000,0x00000006c06f99f8,0x00000006cab00000)
 Metaspace       used 9443K, capacity 9590K, committed 9856K, reserved 1058816K
  class space    used 1076K, capacity 1107K, committed 1152K, reserved 1048576K
Event: 2.750 GC heap after
Heap after GC invocations=16 (full 8):
 PSYoungGen      total 76288K, used 0K [0x000000076ab00000, 0x0000000770000000, 0x00000007c0000000)
  eden space 65536K, 0% used [0x000000076ab00000,0x000000076ab00000,0x000000076eb00000)
  from space 10752K, 0% used [0x000000076f580000,0x000000076f580000,0x0000000770000000)
  to   space 10752K, 0% used [0x000000076eb00000,0x000000076eb00000,0x000000076f580000)
 ParOldGen       total 175104K, used 2063K [0x00000006c0000000, 0x00000006cab00000, 0x000000076ab00000)
  object space 175104K, 1% used [0x00000006c0000000,0x00000006c0203cc0,0x00000006cab00000)
 Metaspace       used 9443K, capacity 9590K, committed 9856K, reserved 1058816K
  class space    used 1076K, capacity 1107K, committed 1152K, reserved 1048576K
}
Event: 2.753 GC heap before
{Heap before GC invocations=17 (full 8):
 PSYoungGen      total 76288K, used 6431K [0x000000076ab00000, 0x0000000770000000, 0x00000007c0000000)
  eden space 65536K, 9% used [0x000000076ab00000,0x000000076b147f08,0x000000076eb00000)
  from space 10752K, 0% used [0x000000076f580000,0x000000076f580000,0x0000000770000000)
  to   space 10752K, 0% used [0x000000076eb00000,0x000000076eb00000,0x000000076f580000)
 ParOldGen       total 175104K, used 2063K [0x00000006c0000000, 0x00000006cab00000, 0x000000076ab00000)
  object space 175104K, 1% used [0x00000006c0000000,0x00000006c0203cc0,0x00000006cab00000)
 Metaspace       used 9444K, capacity 9590K, committed 9856K, reserved 1058816K
  class space    used 1076K, capacity 1107K, committed 1152K, reserved 1048576K
Event: 2.757 GC heap after
Heap after GC invocations=17 (full 8):
 PSYoungGen      total 76288K, used 5184K [0x000000076ab00000, 0x0000000770000000, 0x00000007c0000000)
  eden space 65536K, 0% used [0x000000076ab00000,0x000000076ab00000,0x000000076eb00000)
  from space 10752K, 48% used [0x000000076eb00000,0x000000076f010010,0x000000076f580000)
  to   space 10752K, 0% used [0x000000076f580000,0x000000076f580000,0x0000000770000000)
 ParOldGen       total 175104K, used 2063K [0x00000006c0000000, 0x00000006cab00000, 0x000000076ab00000)
  object space 175104K, 1% used [0x00000006c0000000,0x00000006c0203cc0,0x00000006cab00000)
 Metaspace       used 9444K, capacity 9590K, committed 9856K, reserved 1058816K
  class space    used 1076K, capacity 1107K, committed 1152K, reserved 1048576K
}
Event: 2.757 GC heap before
{Heap before GC invocations=18 (full 9):
 PSYoungGen      total 76288K, used 5184K [0x000000076ab00000, 0x0000000770000000, 0x00000007c0000000)
  eden space 65536K, 0% used [0x000000076ab00000,0x000000076ab00000,0x000000076eb00000)
  from space 10752K, 48% used [0x000000076eb00000,0x000000076f010010,0x000000076f580000)
  to   space 10752K, 0% used [0x000000076f580000,0x000000076f580000,0x0000000770000000)
 ParOldGen       total 175104K, used 2063K [0x00000006c0000000, 0x00000006cab00000, 0x000000076ab00000)
  object space 175104K, 1% used [0x00000006c0000000,0x00000006c0203cc0,0x00000006cab00000)
 Metaspace       used 9444K, capacity 9590K, committed 9856K, reserved 1058816K
  class space    used 1076K, capacity 1107K, committed 1152K, reserved 1048576K
Event: 2.790 GC heap after
Heap after GC invocations=18 (full 9):
 PSYoungGen      total 76288K, used 0K [0x000000076ab00000, 0x0000000770000000, 0x00000007c0000000)
  eden space 65536K, 0% used [0x000000076ab00000,0x000000076ab00000,0x000000076eb00000)
  from space 10752K, 0% used [0x000000076eb00000,0x000000076eb00000,0x000000076f580000)
  to   space 10752K, 0% used [0x000000076f580000,0x000000076f580000,0x0000000770000000)
 ParOldGen       total 175104K, used 7200K [0x00000006c0000000, 0x00000006cab00000, 0x000000076ab00000)
  object space 175104K, 4% used [0x00000006c0000000,0x00000006c07083a0,0x00000006cab00000)
 Metaspace       used 9444K, capacity 9590K, committed 9856K, reserved 1058816K
  class space    used 1076K, capacity 1107K, committed 1152K, reserved 1048576K
}
Event: 2.794 GC heap before
{Heap before GC invocations=19 (full 9):
 PSYoungGen      total 76288K, used 1310K [0x000000076ab00000, 0x0000000770000000, 0x00000007c0000000)
  eden space 65536K, 2% used [0x000000076ab00000,0x000000076ac47ba8,0x000000076eb00000)
  from space 10752K, 0% used [0x000000076eb00000,0x000000076eb00000,0x000000076f580000)
  to   space 10752K, 0% used [0x000000076f580000,0x000000076f580000,0x0000000770000000)
 ParOldGen       total 175104K, used 7200K [0x00000006c0000000, 0x00000006cab00000, 0x000000076ab00000)
  object space 175104K, 4% used [0x00000006c0000000,0x00000006c07083a0,0x00000006cab00000)
 Metaspace       used 9445K, capacity 9590K, committed 9856K, reserved 1058816K
  class space    used 1076K, capacity 1107K, committed 1152K, reserved 1048576K
Event: 2.796 GC heap after
Heap after GC invocations=19 (full 9):
 PSYoungGen      total 76288K, used 96K [0x000000076ab00000, 0x0000000770000000, 0x00000007c0000000)
  eden space 65536K, 0% used [0x000000076ab00000,0x000000076ab00000,0x000000076eb00000)
  from space 10752K, 0% used [0x000000076f580000,0x000000076f598000,0x0000000770000000)
  to   space 10752K, 0% used [0x000000076eb00000,0x000000076eb00000,0x000000076f580000)
 ParOldGen       total 175104K, used 7200K [0x00000006c0000000, 0x00000006cab00000, 0x000000076ab00000)
  object space 175104K, 4% used [0x00000006c0000000,0x00000006c07083a0,0x00000006cab00000)
 Metaspace       used 9445K, capacity 9590K, committed 9856K, reserved 1058816K
  class space    used 1076K, capacity 1107K, committed 1152K, reserved 1048576K
}
Event: 2.796 GC heap before
{Heap before GC invocations=20 (full 10):
 PSYoungGen      total 76288K, used 96K [0x000000076ab00000, 0x0000000770000000, 0x00000007c0000000)
  eden space 65536K, 0% used [0x000000076ab00000,0x000000076ab00000,0x000000076eb00000)
  from space 10752K, 0% used [0x000000076f580000,0x000000076f598000,0x0000000770000000)
  to   space 10752K, 0% used [0x000000076eb00000,0x000000076eb00000,0x000000076f580000)
 ParOldGen       total 175104K, used 7200K [0x00000006c0000000, 0x00000006cab00000, 0x000000076ab00000)
  object space 175104K, 4% used [0x00000006c0000000,0x00000006c07083a0,0x00000006cab00000)
 Metaspace       used 9445K, capacity 9590K, committed 9856K, reserved 1058816K
  class space    used 1076K, capacity 1107K, committed 1152K, reserved 1048576K
Event: 2.828 GC heap after
Heap after GC invocations=20 (full 10):
 PSYoungGen      total 76288K, used 0K [0x000000076ab00000, 0x0000000770000000, 0x00000007c0000000)
  eden space 65536K, 0% used [0x000000076ab00000,0x000000076ab00000,0x000000076eb00000)
  from space 10752K, 0% used [0x000000076f580000,0x000000076f580000,0x0000000770000000)
  to   space 10752K, 0% used [0x000000076eb00000,0x000000076eb00000,0x000000076f580000)
 ParOldGen       total 175104K, used 2133K [0x00000006c0000000, 0x00000006cab00000, 0x000000076ab00000)
  object space 175104K, 1% used [0x00000006c0000000,0x00000006c0215418,0x00000006cab00000)
 Metaspace       used 9445K, capacity 9590K, committed 9856K, reserved 1058816K
  class space    used 1076K, capacity 1107K, committed 1152K, reserved 1048576K
}

