<?xml version="1.0" encoding="UTF-8"?>
<testng-results skipped="0" failed="0" ignored="0" total="1" passed="1">
  <reporter-output>
  </reporter-output>
  <suite name="Default suite" duration-ms="51351" started-at="2017-11-21T08:17:34Z" finished-at="2017-11-21T08:18:25Z">
    <groups>
    </groups>
    <test name="Default test" duration-ms="51351" started-at="2017-11-21T08:17:34Z" finished-at="2017-11-21T08:18:25Z">
      <class name="FlightTour">
        <test-method status="PASS" signature="FlightTourDemo()[pri:0, instance:FlightTour@3c407114]" name="FlightTourDemo" duration-ms="51255" started-at="2017-11-21T03:17:34Z" finished-at="2017-11-21T03:18:25Z">
          <reporter-output>
          </reporter-output>
        </test-method> <!-- FlightTourDemo -->
      </class> <!-- FlightTour -->
    </test> <!-- Default test -->
  </suite> <!-- Default suite -->
</testng-results>
